2024.07.02 13:12:24 INFO  Started: Metals version 1.3.2 in folders 'C:\Users\Public\Downloads\scalacheckout' for client Visual Studio Code 1.89.1.
SLF4J(W): Class path contains multiple SLF4J providers.
SLF4J(W): Found provider [scribe.slf4j.ScribeServiceProvider@716cca2]
SLF4J(W): Found provider [ch.qos.logback.classic.spi.LogbackServiceProvider@5b7e1a77]
SLF4J(W): See https://www.slf4j.org/codes.html#multiple_bindings for an explanation.
SLF4J(I): Actual provider is of type [scribe.slf4j.ScribeServiceProvider@716cca2]
2024.07.02 13:12:24 WARN  Flyway upgrade recommended: H2 2.2.224 is newer than this version of Flyway and support has not been tested. The latest supported version of H2 is 2.2.220.
2024.07.02 13:12:26 INFO  no build target found for C:\Users\Public\Downloads\scalacheckout\src\main\scala\Main.scala. Using presentation compiler with project's scala-library version: 3.3.3
Jul 02, 2024 1:12:26 PM org.eclipse.lsp4j.jsonrpc.RemoteEndpoint handleCancellation
WARNING: Unmatched cancel notification for request id 1
2024.07.02 13:12:27 INFO  running 'C:\Program Files\Java\jdk-17\bin\java.exe -Djline.terminal=jline.UnsupportedTerminal -Dsbt.log.noformat=true -Dfile.encoding=UTF-8 -jar C:\Users\GANES\AppData\Local\Temp\metals13014577727531053103\sbt-launch.jar -Dbloop.export-jar-classifiers=sources bloopInstall'
2024.07.02 13:12:29 INFO  [info] welcome to sbt 1.9.9 (Oracle Corporation Java 17.0.11)
2024.07.02 13:12:31 INFO  no build target found for C:\Users\Public\Downloads\scalacheckout\src\main\scala\Main.scala. Using presentation compiler with project's scala-library version: 3.3.3
2024.07.02 13:12:32 INFO  no build target found for C:\Users\Public\Downloads\scalacheckout\src\test\scala\CheckoutTest.scala. Using presentation compiler with project's scala-library version: 3.3.3
2024.07.02 13:12:32 INFO  [info] loading settings for project scalacheckout-build-build from metals.sbt ...
2024.07.02 13:12:32 INFO  [info] loading project definition from C:\Users\Public\Downloads\scalacheckout\project\project
2024.07.02 13:12:35 INFO  [info] loading settings for project scalacheckout-build from metals.sbt ...
2024.07.02 13:12:35 INFO  [info] loading project definition from C:\Users\Public\Downloads\scalacheckout\project
2024.07.02 13:12:38 INFO  [success] Generated .bloop\scalacheckout-build.json
2024.07.02 13:12:38 INFO  [success] Total time: 3 s, completed 2 Jul 2024, 13:12:39
2024.07.02 13:12:40 INFO  [info] loading settings for project scalacheckout from build.sbt ...
2024.07.02 13:12:40 INFO  [info] set current project to scalacheckout (in build file:/C:/Users/Public/Downloads/scalacheckout/)
2024.07.02 13:12:40 INFO  [success] Generated .bloop\scalacheckout.json
2024.07.02 13:12:40 INFO  [success] Generated .bloop\scalacheckout-test.json
2024.07.02 13:12:40 INFO  [success] Total time: 0 s, completed 2 Jul 2024, 13:12:41
2024.07.02 13:12:41 INFO  time: ran 'sbt bloopInstall' in 13s
2024.07.02 13:12:41 INFO  Attempting to connect to the build server...
2024.07.02 13:12:41 INFO  Setting up current java home C:\Program Files\Java\jdk-17 in C:\Users\GANES\.bloop\bloop.json
2024.07.02 13:12:42 INFO  no build target found for C:\Users\Public\Downloads\scalacheckout\src\test\scala\CheckoutTest.scala. Using presentation compiler with project's scala-library version: 3.3.3
2024.07.02 13:12:46 INFO  tracing is disabled for protocol BSP, to enable tracing of incoming and outgoing JSON messages create an empty file at C:\Users\Public\Downloads\scalacheckout\.metals\bsp.trace.json or C:\Users\GANES\AppData\Local\scalameta\metals\cache\bsp.trace.json
2024.07.02 13:12:48 INFO  Attempting to connect to the build server...
2024.07.02 13:12:48 INFO  tracing is disabled for protocol BSP, to enable tracing of incoming and outgoing JSON messages create an empty file at C:\Users\Public\Downloads\scalacheckout\project\.metals\bsp.trace.json or C:\Users\GANES\AppData\Local\scalameta\metals\cache\bsp.trace.json
2024.07.02 13:12:49 INFO  time: Connected to build server in 8.28s
2024.07.02 13:12:49 INFO  Connected to Build server: Bloop v1.5.18
2024.07.02 13:12:50 INFO  time: Imported build in 0.16s
2024.07.02 13:13:10 INFO  time: indexed workspace in 20s
2024.07.02 13:15:26 INFO  compiling scalacheckout (1 scala source)
2024.07.02 13:15:31 INFO  compiling scalacheckout-test (1 scala source)
2024.07.02 13:15:31 INFO  time: compiled scalacheckout in 5.61s
2024.07.02 13:15:31 INFO  time: compiled scalacheckout-test in 0.84s
2024.07.02 13:20:36 INFO  Shutting down server
2024.07.02 13:20:36 INFO  shutting down Metals
2024.07.02 13:20:36 INFO  Shut down connection with build server.
2024.07.02 13:20:36 INFO  Shut down connection with build server.
2024.07.02 13:20:36 INFO  Exiting server
2024.07.02 13:20:48 INFO  Started: Metals version 1.3.2 in folders 'C:\Users\Public\Downloads\scalacheckout' for client Visual Studio Code 1.90.2.
SLF4J(W): Class path contains multiple SLF4J providers.
SLF4J(W): Found provider [scribe.slf4j.ScribeServiceProvider@c112578]
SLF4J(W): Found provider [ch.qos.logback.classic.spi.LogbackServiceProvider@5d0ace37]
SLF4J(W): See https://www.slf4j.org/codes.html#multiple_bindings for an explanation.
SLF4J(I): Actual provider is of type [scribe.slf4j.ScribeServiceProvider@c112578]
2024.07.02 13:20:48 WARN  Flyway upgrade recommended: H2 2.2.224 is newer than this version of Flyway and support has not been tested. The latest supported version of H2 is 2.2.220.
2024.07.02 13:20:49 INFO  Attempting to connect to the build server...
2024.07.02 13:20:49 INFO  tracing is disabled for protocol BSP, to enable tracing of incoming and outgoing JSON messages create an empty file at C:\Users\Public\Downloads\scalacheckout\.metals\bsp.trace.json or C:\Users\GANES\AppData\Local\scalameta\metals\cache\bsp.trace.json
2024.07.02 13:20:49 INFO  Attempting to connect to the build server...
2024.07.02 13:20:49 INFO  tracing is disabled for protocol BSP, to enable tracing of incoming and outgoing JSON messages create an empty file at C:\Users\Public\Downloads\scalacheckout\project\.metals\bsp.trace.json or C:\Users\GANES\AppData\Local\scalameta\metals\cache\bsp.trace.json
2024.07.02 13:20:49 INFO  time: Connected to build server in 0.27s
2024.07.02 13:20:49 INFO  Connected to Build server: Bloop v1.5.18
2024.07.02 13:20:53 INFO  time: indexed workspace in 3.65s
2024.07.02 13:32:06 INFO  Shutting down server
2024.07.02 13:32:06 INFO  shutting down Metals
2024.07.02 13:32:06 INFO  Shut down connection with build server.
2024.07.02 13:32:06 INFO  Shut down connection with build server.
2024.07.02 13:32:06 INFO  Exiting server
2024.07.02 13:32:17 INFO  Started: Metals version 1.3.2 in folders 'C:\Users\Public\Downloads\scalacheckout' for client Visual Studio Code 1.90.2.
SLF4J(W): Class path contains multiple SLF4J providers.
SLF4J(W): Found provider [scribe.slf4j.ScribeServiceProvider@c112578]
SLF4J(W): Found provider [ch.qos.logback.classic.spi.LogbackServiceProvider@5d0ace37]
SLF4J(W): See https://www.slf4j.org/codes.html#multiple_bindings for an explanation.
SLF4J(I): Actual provider is of type [scribe.slf4j.ScribeServiceProvider@c112578]
2024.07.02 13:32:17 WARN  Flyway upgrade recommended: H2 2.2.224 is newer than this version of Flyway and support has not been tested. The latest supported version of H2 is 2.2.220.
2024.07.02 13:32:18 INFO  no build target found for C:\Users\Public\Downloads\scalacheckout\src\main\scala\Main.scala. Using presentation compiler with project's scala-library version: 3.3.3
2024.07.02 13:32:18 INFO  Attempting to connect to the build server...
2024.07.02 13:32:18 INFO  tracing is disabled for protocol BSP, to enable tracing of incoming and outgoing JSON messages create an empty file at C:\Users\Public\Downloads\scalacheckout\.metals\bsp.trace.json or C:\Users\GANES\AppData\Local\scalameta\metals\cache\bsp.trace.json
2024.07.02 13:32:19 INFO  no build target found for C:\Users\Public\Downloads\scalacheckout\src\main\scala\Main.scala. Using presentation compiler with project's scala-library version: 3.3.3
2024.07.02 13:32:18 INFO  Attempting to connect to the build server...
2024.07.02 13:32:18 INFO  tracing is disabled for protocol BSP, to enable tracing of incoming and outgoing JSON messages create an empty file at C:\Users\Public\Downloads\scalacheckout\project\.metals\bsp.trace.json or C:\Users\GANES\AppData\Local\scalameta\metals\cache\bsp.trace.json
2024.07.02 13:32:18 INFO  time: Connected to build server in 0.45s
2024.07.02 13:32:18 INFO  Connected to Build server: Bloop v1.5.18
2024.07.02 13:32:18 INFO  time: Imported build in 0.12s
2024.07.02 13:32:23 INFO  time: indexed workspace in 3.27s
Jul 02, 2024 1:32:31 PM org.eclipse.lsp4j.jsonrpc.RemoteEndpoint handleNotification
WARNING: Notification threw an exception: {
  "jsonrpc": "2.0",
  "method": "metals/didFocusTextDocument",
  "params": [
    "gitlens://7b22726566223a2230363263383637306539646262376266333865323432653238353361336330623533653331343739222c227265706f50617468223a22633a2f55736572732f5075626c69632f446f776e6c6f6164732f7363616c61636865636b6f7574227d/c%3A/Users/Public/Downloads/scalacheckout/src/main/scala/Main.scala?%7B%22ref%22%3A%22062c867%22%7D"
  ]
}
java.nio.file.FileSystemNotFoundException: Provider "gitlens" not installed
	at java.base/java.nio.file.Path.of(Path.java:212)
	at java.base/java.nio.file.Paths.get(Paths.java:98)
	at scala.meta.internal.mtags.MtagsEnrichments$XtensionURIMtags.toAbsolutePath(MtagsEnrichments.scala:131)
	at scala.meta.internal.mtags.MtagsEnrichments$XtensionStringMtags.toAbsolutePath(MtagsEnrichments.scala:187)
	at scala.meta.internal.metals.MetalsEnrichments$XtensionString.toAbsolutePath(MetalsEnrichments.scala:756)
	at scala.meta.internal.metals.MetalsEnrichments$XtensionString.toAbsolutePath(MetalsEnrichments.scala:753)
	at scala.meta.internal.metals.WorkspaceLspService.didFocus(WorkspaceLspService.scala:695)
	at scala.meta.metals.lsp.DelegatingScalaService.didFocus(DelegatingScalaService.scala:43)
	at java.base/jdk.internal.reflect.NativeMethodAccessorImpl.invoke0(Native Method)
	at java.base/jdk.internal.reflect.NativeMethodAccessorImpl.invoke(NativeMethodAccessorImpl.java:77)
	at java.base/jdk.internal.reflect.DelegatingMethodAccessorImpl.invoke(DelegatingMethodAccessorImpl.java:43)
	at java.base/java.lang.reflect.Method.invoke(Method.java:568)
	at org.eclipse.lsp4j.jsonrpc.services.GenericEndpoint.lambda$recursiveFindRpcMethods$0(GenericEndpoint.java:65)
	at org.eclipse.lsp4j.jsonrpc.services.GenericEndpoint.notify(GenericEndpoint.java:160)
	at org.eclipse.lsp4j.jsonrpc.RemoteEndpoint.handleNotification(RemoteEndpoint.java:231)
	at org.eclipse.lsp4j.jsonrpc.RemoteEndpoint.consume(RemoteEndpoint.java:198)
	at org.eclipse.lsp4j.jsonrpc.json.StreamMessageProducer.handleMessage(StreamMessageProducer.java:185)
	at org.eclipse.lsp4j.jsonrpc.json.StreamMessageProducer.listen(StreamMessageProducer.java:97)
	at org.eclipse.lsp4j.jsonrpc.json.ConcurrentMessageProcessor.run(ConcurrentMessageProcessor.java:114)
	at java.base/java.util.concurrent.Executors$RunnableAdapter.call(Executors.java:539)
	at java.base/java.util.concurrent.FutureTask.run(FutureTask.java:264)
	at java.base/java.util.concurrent.ThreadPoolExecutor.runWorker(ThreadPoolExecutor.java:1136)
	at java.base/java.util.concurrent.ThreadPoolExecutor$Worker.run(ThreadPoolExecutor.java:635)
	at java.base/java.lang.Thread.run(Thread.java:842)

2024.07.02 13:34:38 INFO  Shutting down server
2024.07.02 13:34:38 INFO  shutting down Metals
2024.07.02 13:34:38 INFO  Shut down connection with build server.
2024.07.02 13:34:38 INFO  Shut down connection with build server.
2024.07.02 13:34:38 INFO  Exiting server
